<?xml version="1.0" encoding="UTF-8"?>
<!-- Generated by org.testng.reporters.JUnitXMLReporter -->
<testsuite ignored="4" hostname="Ravikirans-MBP" failures="1" tests="10" name="WooliesTest" time="18.851" errors="0" timestamp="08 Sep 2020 07:06:59 GMT">
  <testcase classname="org.calender.testcases.LaunchScreenTest" name="moveToNextScreen" time="2.159"/>
  <testcase classname="org.calender.testcases.LaunchScreenTest" name="gotItTest" time="1.121"/>
  <testcase classname="org.calender.testcases.CalendarEntryScreenTest" name="addEventEntry" time="3.45"/>
  <testcase classname="org.calender.testcases.CalendarEntryScreenTest" name="addEvent" time="1.005"/>
  <testcase classname="org.calender.testcases.ScheduleEventsScreenTest" name="verifyElementsPresent" time="1.157"/>
  <testcase classname="org.calender.testcases.ScheduleEventsScreenTest" name="enterMeetingTitle" time="0.575"/>
  <testcase classname="org.calender.testcases.ScheduleEventsScreenTest" name="setRecurringDate" time="7.122">
    <failure type="java.lang.AssertionError" message="expected [Repeats weekly on Mon, Wed, Fri] but found [Repeats weekly on Mon, Wed, Fr]">
      <![CDATA[java.lang.AssertionError: expected [Repeats weekly on Mon, Wed, Fri] but found [Repeats weekly on Mon, Wed, Fr]
at org.calender.Screens.ScheduleEventsScreen.enterReccuringDays(ScheduleEventsScreen.java:50)
at org.calender.testcases.ScheduleEventsScreenTest.setRecurringDate(ScheduleEventsScreenTest.java:29)
... Removed 35 stack frames]]>
    </failure>
  </testcase> <!-- setRecurringDate -->
  <testcase classname="org.calender.testcases.ScheduleEventsScreenTest" name="invitePeople" time="0.079"/>
  <testcase classname="org.calender.testcases.ScheduleEventsScreenTest" name="invitePeople" time="1.058"/>
  <testcase classname="org.calender.testcases.ScheduleEventsScreenTest" name="saveInvite" time="0.543"/>
  <testcase classname="org.calender.base.TestBase" name="@BeforeSuite setUp" time="0.0">
    <ignored/>
  </testcase> <!-- @BeforeSuite setUp -->
  <testcase classname="org.calender.base.TestBase" name="@BeforeSuite setUp" time="0.0">
    <ignored/>
  </testcase> <!-- @BeforeSuite setUp -->
  <testcase classname="org.calender.base.TestBase" name="@AfterSuite tearDown" time="0.0">
    <ignored/>
  </testcase> <!-- @AfterSuite tearDown -->
  <testcase classname="org.calender.base.TestBase" name="@AfterSuite tearDown" time="0.0">
    <ignored/>
  </testcase> <!-- @AfterSuite tearDown -->
</testsuite> <!-- WooliesTest -->
