<?xml version="1.0" encoding="UTF-8"?>
<testsuite xmlns:xsi="http://www.w3.org/2001/XMLSchema-instance" xsi:noNamespaceSchemaLocation="https://maven.apache.org/surefire/maven-surefire-plugin/xsd/surefire-test-report-3.0.xsd" version="3.0" name="TestSuite" time="25.332" tests="10" errors="0" skipped="0" failures="1">
  <properties>
[...]
</properties>
  <testcase name="moveToNextScreen" classname="org.calender.testcases.LaunchScreenTest" time="2.16">
    <system-err><![CDATA[Sep 08, 2020 5:06:40 PM io.appium.java_client.remote.AppiumCommandExecutor$1 lambda$0
INFO: Detected dialect: W3C
]]></system-err>
  </testcase>
  <testcase name="gotItTest" classname="org.calender.testcases.LaunchScreenTest" time="1.119"/>
  <testcase name="addEventEntry" classname="org.calender.testcases.CalendarEntryScreenTest" time="3.45"/>
  <testcase name="addEvent" classname="org.calender.testcases.CalendarEntryScreenTest" time="1.005"/>
  <testcase name="verifyElementsPresent" classname="org.calender.testcases.ScheduleEventsScreenTest" time="1.157"/>
  <testcase name="enterMeetingTitle" classname="org.calender.testcases.ScheduleEventsScreenTest" time="0.575"/>
  <testcase name="setRecurringDate" classname="org.calender.testcases.ScheduleEventsScreenTest" time="7.127">
    <failure message="expected [Repeats weekly on Mon, Wed, Fri] but found [Repeats weekly on Mon, Wed, Fr]" type="java.lang.AssertionError"><![CDATA[java.lang.AssertionError: expected [Repeats weekly on Mon, Wed, Fri] but found [Repeats weekly on Mon, Wed, Fr]
	at org.calender.testcases.ScheduleEventsScreenTest.setRecurringDate(ScheduleEventsScreenTest.java:29)
]]></failure>
  </testcase>
  <testcase name="invitePeople[testone@gmail.com](1)" classname="org.calender.testcases.ScheduleEventsScreenTest" time="0.078"/>
  <testcase name="invitePeople[testtwo@gmail.com](2)" classname="org.calender.testcases.ScheduleEventsScreenTest" time="1.058"/>
  <testcase name="saveInvite" classname="org.calender.testcases.ScheduleEventsScreenTest" time="0.543"/>
</testsuite>